# JRE version: OpenJDK Runtime Environment (8.0_152-b01) (build 1.8.0_152-release-915-b01)
# Java VM: OpenJDK 64-Bit Server VM (25.152-b01 mixed mode windows-amd64 compressed oops)
Heap:
 PSYoungGen      total 280064K, used 205304K [0x00000000e0000000, 0x00000000f4400000, 0x0000000100000000)
  eden space 249856K, 77% used [0x00000000e0000000,0x00000000ebd9a5f0,0x00000000ef400000)
  from space 30208K, 36% used [0x00000000f2680000,0x00000000f3163cb8,0x00000000f4400000)
  to   space 40960K, 0% used [0x00000000ef400000,0x00000000ef400000,0x00000000f1c00000)
 ParOldGen       total 148480K, used 86862K [0x00000000a0000000, 0x00000000a9100000, 0x00000000e0000000)
  object space 148480K, 58% used [0x00000000a0000000,0x00000000a54d3ac0,0x00000000a9100000)
 Metaspace       used 85964K, capacity 91166K, committed 91480K, reserved 1128448K
  class space    used 10873K, capacity 12036K, committed 12160K, reserved 1048576K
GC Heap History (10 events):
Event: 4408.092 GC heap before
{Heap before GC invocations=23 (full 3):
 PSYoungGen      total 212480K, used 211845K [0x00000000e0000000, 0x00000000f3900000, 0x0000000100000000)
  eden space 177152K, 99% used [0x00000000e0000000,0x00000000eac64538,0x00000000ead00000)
  from space 35328K, 99% used [0x00000000ead00000,0x00000000ecf7d2b0,0x00000000ecf80000)
  to   space 46592K, 0% used [0x00000000f0b80000,0x00000000f0b80000,0x00000000f3900000)
 ParOldGen       total 148480K, used 68565K [0x00000000a0000000, 0x00000000a9100000, 0x00000000e0000000)
  object space 148480K, 46% used [0x00000000a0000000,0x00000000a42f5508,0x00000000a9100000)
 Metaspace       used 83024K, capacity 87042K, committed 87256K, reserved 1124352K
  class space    used 10537K, capacity 11499K, committed 11520K, reserved 1048576K
Event: 4408.122 GC heap after
Heap after GC invocations=23 (full 3):
 PSYoungGen      total 261632K, used 12514K [0x00000000e0000000, 0x00000000f3180000, 0x0000000100000000)
  eden space 222720K, 0% used [0x00000000e0000000,0x00000000e0000000,0x00000000ed980000)
  from space 38912K, 32% used [0x00000000f0b80000,0x00000000f17b8850,0x00000000f3180000)
  to   space 45056K, 0% used [0x00000000ed980000,0x00000000ed980000,0x00000000f0580000)
 ParOldGen       total 148480K, used 79043K [0x00000000a0000000, 0x00000000a9100000, 0x00000000e0000000)
  object space 148480K, 53% used [0x00000000a0000000,0x00000000a4d30e88,0x00000000a9100000)
 Metaspace       used 83024K, capacity 87042K, committed 87256K, reserved 1124352K
  class space    used 10537K, capacity 11499K, committed 11520K, reserved 1048576K
}
Event: 4413.722 GC heap before
{Heap before GC invocations=24 (full 3):
 PSYoungGen      total 261632K, used 234654K [0x00000000e0000000, 0x00000000f3180000, 0x0000000100000000)
  eden space 222720K, 99% used [0x00000000e0000000,0x00000000ed8ef338,0x00000000ed980000)
  from space 38912K, 32% used [0x00000000f0b80000,0x00000000f17b8850,0x00000000f3180000)
  to   space 45056K, 0% used [0x00000000ed980000,0x00000000ed980000,0x00000000f0580000)
 ParOldGen       total 148480K, used 79043K [0x00000000a0000000, 0x00000000a9100000, 0x00000000e0000000)
  object space 148480K, 53% used [0x00000000a0000000,0x00000000a4d30e88,0x00000000a9100000)
 Metaspace       used 83139K, capacity 87214K, committed 87256K, reserved 1124352K
  class space    used 10539K, capacity 11503K, committed 11520K, reserved 1048576K
Event: 4413.731 GC heap after
Heap after GC invocations=24 (full 3):
 PSYoungGen      total 267776K, used 10300K [0x00000000e0000000, 0x00000000f6300000, 0x0000000100000000)
  eden space 222720K, 0% used [0x00000000e0000000,0x00000000e0000000,0x00000000ed980000)
  from space 45056K, 22% used [0x00000000ed980000,0x00000000ee38f3b8,0x00000000f0580000)
  to   space 44544K, 0% used [0x00000000f3780000,0x00000000f3780000,0x00000000f6300000)
 ParOldGen       total 148480K, used 79436K [0x00000000a0000000, 0x00000000a9100000, 0x00000000e0000000)
  object space 148480K, 53% used [0x00000000a0000000,0x00000000a4d933a8,0x00000000a9100000)
 Metaspace       used 83139K, capacity 87214K, committed 87256K, reserved 1124352K
  class space    used 10539K, capacity 11503K, committed 11520K, reserved 1048576K
}
Event: 12430.477 GC heap before
{Heap before GC invocations=25 (full 3):
 PSYoungGen      total 267776K, used 233020K [0x00000000e0000000, 0x00000000f6300000, 0x0000000100000000)
  eden space 222720K, 100% used [0x00000000e0000000,0x00000000ed980000,0x00000000ed980000)
  from space 45056K, 22% used [0x00000000ed980000,0x00000000ee38f3b8,0x00000000f0580000)
  to   space 44544K, 0% used [0x00000000f3780000,0x00000000f3780000,0x00000000f6300000)
 ParOldGen       total 148480K, used 79436K [0x00000000a0000000, 0x00000000a9100000, 0x00000000e0000000)
  object space 148480K, 53% used [0x00000000a0000000,0x00000000a4d933a8,0x00000000a9100000)
 Metaspace       used 83849K, capacity 88006K, committed 88152K, reserved 1126400K
  class space    used 10657K, capacity 11623K, committed 11648K, reserved 1048576K
Event: 12433.445 GC heap after
Heap after GC invocations=25 (full 3):
 PSYoungGen      total 306688K, used 2520K [0x00000000e0000000, 0x00000000f5d00000, 0x0000000100000000)
  eden space 268288K, 0% used [0x00000000e0000000,0x00000000e0000000,0x00000000f0600000)
  from space 38400K, 6% used [0x00000000f3780000,0x00000000f39f6020,0x00000000f5d00000)
  to   space 44544K, 0% used [0x00000000f0600000,0x00000000f0600000,0x00000000f3180000)
 ParOldGen       total 148480K, used 85782K [0x00000000a0000000, 0x00000000a9100000, 0x00000000e0000000)
  object space 148480K, 57% used [0x00000000a0000000,0x00000000a53c59c8,0x00000000a9100000)
 Metaspace       used 83849K, capacity 88006K, committed 88152K, reserved 1126400K
  class space    used 10657K, capacity 11623K, committed 11648K, reserved 1048576K
}
Event: 12498.411 GC heap before
{Heap before GC invocations=26 (full 3):
 PSYoungGen      total 306688K, used 270808K [0x00000000e0000000, 0x00000000f5d00000, 0x0000000100000000)
  eden space 268288K, 100% used [0x00000000e0000000,0x00000000f0600000,0x00000000f0600000)
  from space 38400K, 6% used [0x00000000f3780000,0x00000000f39f6020,0x00000000f5d00000)
  to   space 44544K, 0% used [0x00000000f0600000,0x00000000f0600000,0x00000000f3180000)
 ParOldGen       total 148480K, used 85782K [0x00000000a0000000, 0x00000000a9100000, 0x00000000e0000000)
  object space 148480K, 57% used [0x00000000a0000000,0x00000000a53c59c8,0x00000000a9100000)
 Metaspace       used 85251K, capacity 90234K, committed 90584K, reserved 1128448K
  class space    used 10807K, capacity 11936K, committed 12032K, reserved 1048576K
Event: 12498.596 GC heap after
Heap after GC invocations=26 (full 3):
 PSYoungGen      total 275456K, used 16313K [0x00000000e0000000, 0x00000000f5000000, 0x0000000100000000)
  eden space 259072K, 0% used [0x00000000e0000000,0x00000000e0000000,0x00000000efd00000)
  from space 16384K, 99% used [0x00000000f0600000,0x00000000f15ee508,0x00000000f1600000)
  to   space 42496K, 0% used [0x00000000f2680000,0x00000000f2680000,0x00000000f5000000)
 ParOldGen       total 148480K, used 86854K [0x00000000a0000000, 0x00000000a9100000, 0x00000000e0000000)
  object space 148480K, 58% used [0x00000000a0000000,0x00000000a54d1ac0,0x00000000a9100000)
 Metaspace       used 85251K, capacity 90234K, committed 90584K, reserved 1128448K
  class space    used 10807K, capacity 11936K, committed 12032K, reserved 1048576K
}
Event: 12538.321 GC heap before
{Heap before GC invocations=27 (full 3):
 PSYoungGen      total 275456K, used 275385K [0x00000000e0000000, 0x00000000f5000000, 0x0000000100000000)
  eden space 259072K, 100% used [0x00000000e0000000,0x00000000efd00000,0x00000000efd00000)
  from space 16384K, 99% used [0x00000000f0600000,0x00000000f15ee508,0x00000000f1600000)
  to   space 42496K, 0% used [0x00000000f2680000,0x00000000f2680000,0x00000000f5000000)
 ParOldGen       total 148480K, used 86854K [0x00000000a0000000, 0x00000000a9100000, 0x00000000e0000000)
  object space 148480K, 58% used [0x00000000a0000000,0x00000000a54d1ac0,0x00000000a9100000)
 Metaspace       used 85567K, capacity 90584K, committed 90840K, reserved 1128448K
  class space    used 10831K, capacity 11941K, committed 12032K, reserved 1048576K
Event: 12538.362 GC heap after
Heap after GC invocations=27 (full 3):
 PSYoungGen      total 280064K, used 11151K [0x00000000e0000000, 0x00000000f4400000, 0x0000000100000000)
  eden space 249856K, 0% used [0x00000000e0000000,0x00000000e0000000,0x00000000ef400000)
  from space 30208K, 36% used [0x00000000f2680000,0x00000000f3163cb8,0x00000000f4400000)
  to   space 40960K, 0% used [0x00000000ef400000,0x00000000ef400000,0x00000000f1c00000)
 ParOldGen       total 148480K, used 86862K [0x00000000a0000000, 0x00000000a9100000, 0x00000000e0000000)
  object space 148480K, 58% used [0x00000000a0000000,0x00000000a54d3ac0,0x00000000a9100000)
 Metaspace       used 85567K, capacity 90584K, committed 90840K, reserved 1128448K
  class space    used 10831K, capacity 11941K, committed 12032K, reserved 1048576K
}

